<?xml version="1.0" encoding="UTF-8"?>
<!-- Generated by org.testng.reporters.JUnitReportReporter -->
<testsuite skipped="0" hostname="Lenovo-PC" name="ruijia.www.Button" tests="1" failures="0" timestamp="6 Jan 2017 09:53:01 GMT" time="3.571" errors="0">
  <testcase name="t1" time="3.571" classname="ruijia.www.Button"/>
</testsuite> <!-- ruijia.www.Button -->
