<?xml version="1.0" encoding="UTF-8"?>
<!-- Generated by org.testng.reporters.JUnitReportReporter -->
<testsuite skipped="0" hostname="Lenovo-PC" name="ruijia.www.WebTest" tests="1" failures="0" timestamp="10 Apr 2017 02:09:14 GMT" time="5.344" errors="0">
  <testcase name="web" time="5.344" classname="ruijia.www.WebTest"/>
</testsuite> <!-- ruijia.www.WebTest -->
