<?xml version="1.0" encoding="UTF-8"?>
<!-- Generated by org.testng.reporters.JUnitReportReporter -->
<testsuite skipped="0" hostname="Lenovo-PC" name="ruijia.www.OpenDoor" tests="1" failures="0" timestamp="6 Jan 2017 06:12:14 GMT" time="320.495" errors="0">
  <testcase name="t2" time="320.495" classname="ruijia.www.OpenDoor"/>
</testsuite> <!-- ruijia.www.OpenDoor -->
